<?xml version="1.0" encoding="UTF-8"?>
<!-- Generated by org.testng.reporters.JUnitXMLReporter -->
<testsuite ignored="0" hostname="LAPTOP-LG5AILSV" failures="0" tests="6" name="Default test" time="33.666" errors="0" timestamp="2025-04-11T19:14:44 IST">
  <testcase classname="New_Selenium.Project.StandAloneTest" name="login" time="3.666"/>
  <testcase classname="New_Selenium.Project.StandAloneTest" name="makeAppointment" time="5.381"/>
  <testcase classname="New_Selenium.Project.StandAloneTest" name="makeAppointment2" time="4.704"/>
  <testcase classname="New_Selenium.Project.StandAloneTest" name="makeAppointment3" time="4.046"/>
  <testcase classname="New_Selenium.Project.StandAloneTest" name="history" time="4.676"/>
  <testcase classname="New_Selenium.Project.StandAloneTest" name="profile" time="5.038"/>
</testsuite> <!-- Default test -->
