<?xml version="1.0" encoding="UTF-8"?>
<!-- Generated by org.testng.reporters.JUnitXMLReporter -->
<testsuite ignored="6" hostname="LAPTOP-LG5AILSV" failures="0" tests="1" name="Default test" time="6.419" errors="0" timestamp="2025-09-04T20:03:40 IST">
  <testcase classname="New_Selenium.Project.StandAloneTest" name="historyPage" time="4.676"/>
  <testcase classname="New_Selenium.Project.StandAloneTest" name="profile" time="0.0">
    <ignored/>
  </testcase> <!-- profile -->
  <testcase classname="New_Selenium.Project.StandAloneTest" name="history" time="0.0">
    <ignored/>
  </testcase> <!-- history -->
  <testcase classname="New_Selenium.Project.StandAloneTest" name="login" time="0.0">
    <ignored/>
  </testcase> <!-- login -->
  <testcase classname="New_Selenium.Project.StandAloneTest" name="makeAppointment2" time="0.0">
    <ignored/>
  </testcase> <!-- makeAppointment2 -->
  <testcase classname="New_Selenium.Project.StandAloneTest" name="makeAppointment" time="0.0">
    <ignored/>
  </testcase> <!-- makeAppointment -->
  <testcase classname="New_Selenium.Project.StandAloneTest" name="makeAppointment3" time="0.0">
    <ignored/>
  </testcase> <!-- makeAppointment3 -->
</testsuite> <!-- Default test -->
