<?xml version="1.0" encoding="UTF-8"?>
<testng-results ignored="6" total="7" passed="1" failed="0" skipped="0">
  <reporter-output>
  </reporter-output>
  <suite started-at="2025-09-04T20:03:34 IST" name="Default suite" finished-at="2025-09-04T20:03:40 IST" duration-ms="6419">
    <groups>
    </groups>
    <test started-at="2025-09-04T20:03:34 IST" name="Default test" finished-at="2025-09-04T20:03:40 IST" duration-ms="6419">
      <class name="New_Selenium.Project.StandAloneTest">
        <test-method is-config="true" signature="setup()[pri:0, instance:New_Selenium.Project.StandAloneTest@6933b6c6]" started-at="2025-09-04T20:03:34 IST" name="setup" finished-at="2025-09-04T20:03:35 IST" duration-ms="1599" status="PASS">
          <reporter-output>
          </reporter-output>
        </test-method> <!-- setup -->
        <test-method signature="historyPage()[pri:0, instance:New_Selenium.Project.StandAloneTest@6933b6c6]" started-at="2025-09-04T20:03:35 IST" name="historyPage" finished-at="2025-09-04T20:03:40 IST" duration-ms="4676" status="PASS">
          <reporter-output>
          </reporter-output>
        </test-method> <!-- historyPage -->
      </class> <!-- New_Selenium.Project.StandAloneTest -->
    </test> <!-- Default test -->
  </suite> <!-- Default suite -->
</testng-results>
